
Inactive Modules:
  1) gmp/6.1.2        3) python/3.7.4      5) tcl/8.6.9
  2) libffi/3.2.1     4) sqlite/3.29.0     6) xz/5.2.4

Due to MODULEPATH changes, the following have been reloaded:
  1) binutils/2.32     2) bzip2/1.0.8     3) libreadline/8.0     4) zlib/1.2.11

The following have been reloaded with a version change:
  1) gcccore/8.3.0 => gcccore/10.2.0     2) ncurses/6.1 => ncurses/6.2


Activating Modules:
  1) gmp/6.1.2        3) python/3.7.4      5) tcl/8.6.9
  2) libffi/3.2.1     4) sqlite/3.29.0     6) xz/5.2.4

Due to MODULEPATH changes, the following have been reloaded:
  1) binutils/2.32     2) bzip2/1.0.8     3) libreadline/8.0     4) zlib/1.2.11

The following have been reloaded with a version change:
  1) gcccore/10.2.0 => gcccore/8.3.0     2) ncurses/6.2 => ncurses/6.1

--- 520.692 seconds ---
--- 520.714 seconds ---
--- 559.181 seconds ---
--- 559.209 seconds ---
--- 570.485 seconds ---
--- 570.510 seconds ---
--- 570.537 seconds ---
--- Time to Process Data: 570.972 seconds ---
==== GCCs by the number of tweets in descending order ====
GGC:
2gmel    2539206
1gsyd    2526128
3gbri     886575
5gper     624250
4gade     480860
8acte     194869
6ghob     119242
7gdar      58839
==== Authors by the number of tweets in descending order ====
Authors:
1498063511204761601    68477
1089023364973219840    28128
826332877457481728     27581
1250331934242123776    25332
1423662808311287813    21030
1183144981252280322    20652
820431428835885059     20063
1270672820792508417    19801
233782487              18180
1104295492433764353    17193
==== Top Authors by the number of Locations ====
GGC:                 1gsyd  2gmel  3gbri  4gade  5gper  6ghob  7gdar  8acte  GCC_Count  Twitter_Count
Authors:                                                                                             
61220731               547    600    239    129     15     75     21    705          8           2339
1429984556451389440     12   1878      6      2      7      4      1     13          8           1931
702290904460169216     470    371    278    145    175     66     21     46          8           1580
17285408              1044     60     40      3      7     11      4     23          8           1200
340123805              325      8      2      1     90      1    140      3          8            578
87188071               156    100     76     32     53     42      7     34          8            508
774694926135222272     109     80     37     28     34     36     28     34          8            394
254515782              148     39     31      7     42      3      4     97          8            379
607969713              165     52     15     33      7     31     36      4          8            351
30634725                46     25      5      4     16     13      4    165          8            286
==== Top 10 Ambiguous Locations ====
('australia', 21326)
('western, south australia', 44)
('bellfield, victoria', 34)
('springfield, new south wales', 25)
('hart, northern territory', 14)
('springfield, victoria', 14)
('balgo, western australia', 11)
('cedar creek, queensland', 6)
('mount archer, queensland', 5)
('lansdowne, new south wales', 5)
--- 571.434 seconds ---
